{
  "RSpec": {
    "coverage": {
      "/Users/svampmeister/Documents/CraftAcadamy/week_4/legacy_code_march_21/app/controllers/api/analyses_controller.rb": [
        null,
        null,
        1,
        1,
        null,
        1,
        5,
        null,
        null,
        5,
        5,
        null,
        0,
        null,
        null,
        null,
        1,
        null,
        1,
        20,
        null,
        null,
        null,
        1,
        5,
        5,
        0,
        5,
        5,
        null,
        null,
        null,
        1,
        5,
        5,
        5,
        null,
        null,
        1,
        0,
        null,
        null,
        null,
        null,
        null,
        1,
        10,
        null,
        null
      ],
      "/Users/svampmeister/Documents/CraftAcadamy/week_4/legacy_code_march_21/app/controllers/application_controller.rb": [
        1,
        null
      ],
      "/Users/svampmeister/Documents/CraftAcadamy/week_4/legacy_code_march_21/app/models/analysis.rb": [
        1,
        null
      ],
      "/Users/svampmeister/Documents/CraftAcadamy/week_4/legacy_code_march_21/app/models/application_record.rb": [
        1,
        1,
        null
      ],
      "/Users/svampmeister/Documents/CraftAcadamy/week_4/legacy_code_march_21/app/channels/application_cable/channel.rb": [
        0,
        0,
        0,
        0
      ],
      "/Users/svampmeister/Documents/CraftAcadamy/week_4/legacy_code_march_21/app/channels/application_cable/connection.rb": [
        0,
        0,
        0,
        0
      ],
      "/Users/svampmeister/Documents/CraftAcadamy/week_4/legacy_code_march_21/app/jobs/application_job.rb": [
        0,
        0
      ],
      "/Users/svampmeister/Documents/CraftAcadamy/week_4/legacy_code_march_21/app/mailers/application_mailer.rb": [
        0,
        0,
        0,
        0
      ]
    },
    "timestamp": 1619117077
  }
}
